\BOOKMARK [0][-]{part.1}{\376\377\000I\000\040\000C\000\341\000c\000\040\000M\000\364\000\040\000H\000\354\000n\000h\000\040\000D\000e\000e\000p\000\040\000L\000e\000a\000r\000n\000i\000n\000g}{}% 1
\BOOKMARK [1][-]{section.1}{\376\377\000M\000\364\000\040\000h\000\354\000n\000h\000\040\000C\000N\000N\000\040\000c\001\241\000\040\000s\036\337}{part.1}% 2
\BOOKMARK [2][-]{subsection.1.1}{\376\377\000K\000i\036\277\000n\000\040\000t\000r\000\372\000c\000\040\000m\000\364\000\040\000h\000\354\000n\000h}{section.1}% 3
\BOOKMARK [2][-]{subsection.1.2}{\376\377\000C\036\245\000u\000\040\000h\000\354\000n\000h\000\040\000h\000u\036\245\000n\000\040\000l\000u\000y\036\307\000n}{section.1}% 4
\BOOKMARK [2][-]{subsection.1.3}{\376\377\000K\036\277\000t\000\040\000q\000u\036\243\000\040\000t\000h\036\361\000c\000\040\000n\000g\000h\000i\036\307\000m}{section.1}% 5
\BOOKMARK [2][-]{subsection.1.4}{\376\377\001\020\000o\036\241\000n\000\040\000m\000\343\000\040\000m\000i\000n\000h\000\040\000h\036\315\000a}{section.1}% 6
\BOOKMARK [1][-]{section.2}{\376\377\000M\000\364\000\040\000h\000\354\000n\000h\000\040\000R\000e\000s\000N\000e\000t\000-\0003\0004}{part.1}% 7
\BOOKMARK [2][-]{subsection.2.1}{\376\377\000K\000i\036\277\000n\000\040\000t\000r\000\372\000c\000\040\000m\000\364\000\040\000h\000\354\000n\000h}{section.2}% 8
\BOOKMARK [2][-]{subsection.2.2}{\376\377\000C\036\245\000u\000\040\000h\000\354\000n\000h\000\040\000h\000u\036\245\000n\000\040\000l\000u\000y\036\307\000n}{section.2}% 9
\BOOKMARK [2][-]{subsection.2.3}{\376\377\000K\036\277\000t\000\040\000q\000u\036\243\000\040\000t\000h\036\361\000c\000\040\000n\000g\000h\000i\036\307\000m}{section.2}% 10
\BOOKMARK [2][-]{subsection.2.4}{\376\377\001\020\000o\036\241\000n\000\040\000m\000\343\000\040\000m\000i\000n\000h\000\040\000h\036\315\000a}{section.2}% 11
\BOOKMARK [1][-]{section.3}{\376\377\000M\000\364\000\040\000h\000\354\000n\000h\000\040\000V\000i\000s\000i\000o\000n\000\040\000T\000r\000a\000n\000s\000f\000o\000r\000m\000e\000r\000\040\000\050\000V\000i\000T\000-\000v\0001\000\040\000v\000\340\000\040\000V\000i\000T\000-\000v\0002\000\051}{part.1}% 12
\BOOKMARK [2][-]{subsection.3.1}{\376\377\000K\000i\036\277\000n\000\040\000t\000r\000\372\000c\000\040\000V\000i\000T\000-\000v\0001}{section.3}% 13
\BOOKMARK [2][-]{subsection.3.2}{\376\377\000K\000i\036\277\000n\000\040\000t\000r\000\372\000c\000\040\000V\000i\000T\000-\000v\0002\000\040\000v\000\340\000\040\000k\000h\000\341\000c\000\040\000b\000i\036\307\000t\000\040\000s\000o\000\040\000v\036\333\000i\000\040\000v\0001}{section.3}% 14
\BOOKMARK [2][-]{subsection.3.3}{\376\377\000K\036\277\000t\000\040\000q\000u\036\243\000\040\000t\000h\036\361\000c\000\040\000n\000g\000h\000i\036\307\000m}{section.3}% 15
\BOOKMARK [2][-]{subsection.3.4}{\376\377\001\020\000o\036\241\000n\000\040\000m\000\343\000\040\000m\000i\000n\000h\000\040\000h\036\315\000a}{section.3}% 16
\BOOKMARK [1][-]{section.4}{\376\377\000M\000\364\000\040\000h\000\354\000n\000h\000\040\000V\000i\000T\000\040\000t\000i\036\301\000n\000\040\000h\000u\036\245\000n\000\040\000l\000u\000y\036\307\000n\000\040\000\050\000P\000r\000e\000t\000r\000a\000i\000n\000e\000d\000\040\000V\000i\000T\000\051}{part.1}% 17
\BOOKMARK [2][-]{subsection.4.1}{\376\377\000K\000i\036\277\000n\000\040\000t\000r\000\372\000c\000\040\000m\000\364\000\040\000h\000\354\000n\000h}{section.4}% 18
\BOOKMARK [2][-]{subsection.4.2}{\376\377\000C\036\245\000u\000\040\000h\000\354\000n\000h\000\040\000h\000u\036\245\000n\000\040\000l\000u\000y\036\307\000n}{section.4}% 19
\BOOKMARK [2][-]{subsection.4.3}{\376\377\000K\036\277\000t\000\040\000q\000u\036\243\000\040\000t\000h\036\361\000c\000\040\000n\000g\000h\000i\036\307\000m}{section.4}% 20
\BOOKMARK [2][-]{subsection.4.4}{\376\377\001\020\000o\036\241\000n\000\040\000m\000\343\000\040\000m\000i\000n\000h\000\040\000h\036\315\000a}{section.4}% 21
\BOOKMARK [0][-]{part.2}{\376\377\000I\000I\000\040\000T\036\325\000n\000g\000\040\000K\036\277\000t\000\040\000v\000\340\000\040\000K\000h\000u\000y\036\277\000n\000\040\000N\000g\000h\036\313}{}% 22
\BOOKMARK [1][-]{section.5}{\376\377\000T\036\325\000n\000g\000\040\000k\036\277\000t\000\040\000k\036\277\000t\000\040\000q\000u\036\243}{part.2}% 23
\BOOKMARK [1][-]{section.6}{\376\377\000K\000h\000u\000y\036\277\000n\000\040\000n\000g\000h\036\313\000\040\000c\036\243\000i\000\040\000t\000i\036\277\000n}{part.2}% 24
\BOOKMARK [2][-]{subsection.6.1}{\376\377\000V\036\301\000\040\000k\000i\036\277\000n\000\040\000t\000r\000\372\000c\000\040\000m\000\364\000\040\000h\000\354\000n\000h}{section.6}% 25
\BOOKMARK [2][-]{subsection.6.2}{\376\377\000V\036\301\000\040\000h\000u\036\245\000n\000\040\000l\000u\000y\036\307\000n}{section.6}% 26
\BOOKMARK [2][-]{subsection.6.3}{\376\377\000V\036\301\000\040\000d\036\357\000\040\000l\000i\036\307\000u}{section.6}% 27
\BOOKMARK [2][-]{subsection.6.4}{\376\377\000V\036\301\000\040\001\021\000\341\000n\000h\000\040\000g\000i\000\341}{section.6}% 28
\BOOKMARK [1][-]{subsection.6.4}{\376\377\000T\000\340\000i\000\040\000l\000i\036\307\000u\000\040\000t\000h\000a\000m\000\040\000k\000h\036\243\000o}{part.2}% 29
