\BOOKMARK [0][-]{chapter*.1}{\376\377\000T\000\363\000m\000\040\000t\036\257\000t\000\040\000n\000g\000h\000i\000\352\000n\000\040\000c\036\351\000u}{}% 1
\BOOKMARK [0][-]{chapter*.8}{\376\377\000D\000A\000N\000H\000\040\000S\000\301\000C\000H\000\040\000H\000\314\000N\000H}{}% 2
\BOOKMARK [0][-]{chapter*.9}{\376\377\000D\000A\000N\000H\000\040\000S\000\301\000C\000H\000\040\000B\036\242\000N\000G}{}% 3
\BOOKMARK [0][-]{chapter.1}{\376\377\000G\000i\036\333\000i\000\040\000t\000h\000i\036\307\000u\000\040\000v\000\340\000\040\000B\036\321\000i\000\040\000c\036\243\000n\000h\000\040\000n\000g\000h\000i\000\352\000n\000\040\000c\036\351\000u}{}% 4
\BOOKMARK [1][-]{section.1.1}{\376\377\000B\036\321\000i\000\040\000c\036\243\000n\000h\000\040\000l\000\342\000m\000\040\000s\000\340\000n\000g}{chapter.1}% 5
\BOOKMARK [1][-]{section.1.2}{\376\377\000T\000h\000\341\000c\000h\000\040\000t\000h\036\351\000c\000\040\000t\000r\000o\000n\000g\000\040\000c\000h\036\251\000n\000\040\001\021\000o\000\341\000n\000\040\000X\000-\000q\000u\000a\000n\000g\000\040\000n\000g\036\361\000c}{chapter.1}% 6
\BOOKMARK [1][-]{section.1.3}{\376\377\001\020\036\331\000n\000g\000\040\000l\036\361\000c\000\040\036\351\000n\000g\000\040\000d\036\345\000n\000g\000\040\000t\000r\000\355\000\040\000t\000u\036\307\000\040\000n\000h\000\342\000n\000\040\000t\036\241\000o\000\040\000t\000r\000o\000n\000g\000\040\000c\000h\036\251\000n\000\040\001\021\000o\000\341\000n\000\040\000h\000\354\000n\000h\000\040\036\243\000n\000h}{chapter.1}% 7
\BOOKMARK [1][-]{section.1.4}{\376\377\000G\000i\036\333\000i\000\040\000t\000h\000i\036\307\000u\000\040\000b\000\340\000i\000\040\000b\000\341\000o\000\040\000g\036\321\000c}{chapter.1}% 8
\BOOKMARK [1][-]{section.1.5}{\376\377\000C\000\342\000u\000\040\000h\036\317\000i\000\040\000n\000g\000h\000i\000\352\000n\000\040\000c\036\351\000u}{chapter.1}% 9
\BOOKMARK [1][-]{section.1.6}{\376\377\000M\036\345\000c\000\040\000t\000i\000\352\000u\000\040\000v\000\340\000\040\000p\000h\036\241\000m\000\040\000v\000i\000\040\000b\000\341\000o\000\040\000c\000\341\000o}{chapter.1}% 10
\BOOKMARK [1][-]{section.1.7}{\376\377\000C\036\245\000u\000\040\000t\000r\000\372\000c\000\040\000b\000\341\000o\000\040\000c\000\341\000o}{chapter.1}% 11
\BOOKMARK [0][-]{chapter.2}{\376\377\000P\000h\000\342\000n\000\040\000t\000\355\000c\000h\000\040\000D\000a\000t\000a\000s\000e\000t\000:\000\040\000N\000I\000H\000\040\000C\000h\000e\000s\000t\000\040\000X\000-\000r\000a\000y}{}% 12
\BOOKMARK [1][-]{section.2.1}{\376\377\000T\036\325\000n\000g\000\040\000q\000u\000a\000n\000\040\000D\000a\000t\000a\000s\000e\000t}{chapter.2}% 13
\BOOKMARK [2][-]{subsection.2.1.1}{\376\377\000T\000h\000\364\000n\000g\000\040\000t\000i\000n\000\040\000c\001\241\000\040\000b\036\243\000n}{section.2.1}% 14
\BOOKMARK [2][-]{subsection.2.1.2}{\376\377\000T\000r\000\355\000c\000h\000\040\000d\036\253\000n\000\040\000t\036\353\000\040\000P\000a\000p\000e\000r}{section.2.1}% 15
\BOOKMARK [1][-]{section.2.2}{\376\377\000D\000a\000n\000h\000\040\000s\000\341\000c\000h\000\040\0001\0005\000\040\000C\000l\000a\000s\000s\000e\000s}{chapter.2}% 16
\BOOKMARK [2][-]{subsection.2.2.1}{\376\377\000P\000h\000\342\000n\000\040\000l\000o\036\241\000i\000\040\000b\036\307\000n\000h\000\040\000l\000\375}{section.2.2}% 17
\BOOKMARK [2][-]{subsection.2.2.2}{\376\377\000P\000h\000\342\000n\000\040\000t\000\355\000c\000h\000\040\000m\036\245\000t\000\040\000c\000\342\000n\000\040\000b\036\261\000n\000g\000\040\000l\036\333\000p\000\040\000\050\000C\000l\000a\000s\000s\000\040\000I\000m\000b\000a\000l\000a\000n\000c\000e\000\051}{section.2.2}% 18
\BOOKMARK [1][-]{section.2.3}{\376\377\000B\036\243\000n\000\040\000c\000h\036\245\000t\000\040\000M\000u\000l\000t\000i\000-\000l\000a\000b\000e\000l}{chapter.2}% 19
\BOOKMARK [2][-]{subsection.2.3.1}{\376\377\000M\000u\000l\000t\000i\000-\000l\000a\000b\000e\000l\000\040\000v\000s\000\040\000M\000u\000l\000t\000i\000-\000c\000l\000a\000s\000s}{section.2.3}% 20
\BOOKMARK [2][-]{subsection.2.3.2}{\376\377\000V\000\355\000\040\000d\036\345\000\040\000M\000u\000l\000t\000i\000-\000l\000a\000b\000e\000l\000\040\000t\000r\000o\000n\000g\000\040\000N\000I\000H}{section.2.3}% 21
\BOOKMARK [1][-]{section.2.4}{\376\377\000D\000a\000t\000a\000\040\000P\000i\000p\000e\000l\000i\000n\000e\000\040\000t\000r\000o\000n\000g\000\040\000C\000o\000d\000e}{chapter.2}% 22
\BOOKMARK [1][-]{section.2.5}{\376\377\000C\000h\000i\000a\000\040\000t\036\255\000p\000\040\000d\036\357\000\040\000l\000i\036\307\000u\000\040\000v\000\340\000\040\000n\000g\000u\000y\000\040\000c\001\241\000\040\000r\000\362\000\040\000r\036\311\000\040\000d\036\357\000\040\000l\000i\036\307\000u}{chapter.2}% 23
\BOOKMARK [2][-]{subsection.2.5.1}{\376\377\000L\000o\000a\000d\000i\000n\000g\000\040\000v\000\340\000\040\000P\000r\000e\000p\000r\000o\000c\000e\000s\000s\000i\000n\000g}{section.2.5}% 24
\BOOKMARK [2][-]{subsection.2.5.2}{\376\377\000D\000a\000t\000a\000\040\000A\000u\000g\000m\000e\000n\000t\000a\000t\000i\000o\000n}{section.2.5}% 25
\BOOKMARK [2][-]{subsection.2.5.3}{\376\377\000L\001\260\000u\000\040\000\375\000\040\000v\036\301\000\040\000H\000o\000r\000i\000z\000o\000n\000t\000a\000l\000\040\000F\000l\000i\000p\000\040\000t\000r\000o\000n\000g\000\040\000X\000-\000r\000a\000y}{section.2.5}% 26
\BOOKMARK [1][-]{section.2.6}{\376\377\000D\000a\000t\000a\000\040\000S\000p\000l\000i\000t}{chapter.2}% 27
\BOOKMARK [2][-]{subsection.2.6.1}{\376\377\000P\000a\000p\000e\000r\000\040\000D\000e\000s\000c\000r\000i\000p\000t\000i\000o\000n}{section.2.6}% 28
\BOOKMARK [2][-]{subsection.2.6.2}{\376\377\000I\000m\000p\000l\000e\000m\000e\000n\000t\000a\000t\000i\000o\000n\000\040\000t\000r\000o\000n\000g\000\040\000C\000o\000d\000e}{section.2.6}% 29
\BOOKMARK [2][-]{subsection.2.6.3}{\376\377\000V\036\245\000n\000\040\001\021\036\301\000\040\000D\000a\000t\000a\000\040\000L\000e\000a\000k\000a\000g\000e}{section.2.6}% 30
\BOOKMARK [0][-]{chapter.3}{\376\377\000C\000o\000n\000v\000o\000l\000u\000t\000i\000o\000n\000a\000l\000\040\000N\000e\000u\000r\000a\000l\000\040\000N\000e\000t\000w\000o\000r\000k\000\040\000\050\000C\000N\000N\000\051}{}% 31
\BOOKMARK [1][-]{section.3.1}{\376\377\000T\036\325\000n\000g\000\040\000q\000u\000a\000n\000\040\000l\000\375\000\040\000t\000h\000u\000y\036\277\000t\000\040\000C\000N\000N}{chapter.3}% 32
\BOOKMARK [1][-]{section.3.2}{\376\377\000P\000h\000\351\000p\000\040\000t\000\355\000c\000h\000\040\000c\000h\036\255\000p\000\040\000\050\000C\000o\000n\000v\000o\000l\000u\000t\000i\000o\000n\000\040\000O\000p\000e\000r\000a\000t\000i\000o\000n\000\051}{chapter.3}% 33
\BOOKMARK [1][-]{section.3.3}{\376\377\000P\000o\000o\000l\000i\000n\000g\000\040\000L\000a\000y\000e\000r}{chapter.3}% 34
\BOOKMARK [1][-]{section.3.4}{\376\377\000K\000i\036\277\000n\000\040\000t\000r\000\372\000c\000\040\000C\000N\000N\000\040\000t\000r\000o\000n\000g\000\040\000b\000\340\000i\000\040\000b\000\341\000o}{chapter.3}% 35
\BOOKMARK [1][-]{section.3.5}{\376\377\000C\000\340\000i\000\040\001\021\036\267\000t\000\040\000C\000N\000N\000\040\000t\000r\000o\000n\000g\000\040\000P\000y\000T\000o\000r\000c\000h}{chapter.3}% 36
\BOOKMARK [1][-]{section.3.6}{\376\377\000P\000h\000\342\000n\000\040\000t\000\355\000c\000h\000\040\000s\036\321\000\040\000l\001\260\036\343\000n\000g\000\040\000t\000h\000a\000m\000\040\000s\036\321}{chapter.3}% 37
\BOOKMARK [1][-]{section.3.7}{\376\377\000H\000\340\000m\000\040\000m\036\245\000t\000\040\000m\000\341\000t\000\040\000c\000h\000o\000\040\000b\000\340\000i\000\040\000t\000o\000\341\000n\000\040\001\021\000a\000\040\000n\000h\000\343\000n}{chapter.3}% 38
\BOOKMARK [1][-]{section.3.8}{\376\377\000K\036\277\000t\000\040\000q\000u\036\243\000\040\000t\000h\036\361\000c\000\040\000n\000g\000h\000i\036\307\000m}{chapter.3}% 39
\BOOKMARK [1][-]{section.3.9}{\376\377\000P\000h\000\342\000n\000\040\000t\000\355\000c\000h\000\040\000k\036\277\000t\000\040\000q\000u\036\243\000\040\000v\000\340\000\040\000h\036\241\000n\000\040\000c\000h\036\277}{chapter.3}% 40
\BOOKMARK [1][-]{section.3.10}{\376\377\000M\000i\000n\000h\000\040\000h\000o\036\241\000\040\000q\000u\000\341\000\040\000t\000r\000\354\000n\000h\000\040\000h\000u\036\245\000n\000\040\000l\000u\000y\036\307\000n}{chapter.3}% 41
\BOOKMARK [0][-]{chapter.4}{\376\377\000R\000e\000s\000i\000d\000u\000a\000l\000\040\000N\000e\000t\000w\000o\000r\000k\000\040\000\050\000R\000e\000s\000N\000e\000t\000\051}{}% 42
\BOOKMARK [1][-]{section.4.1}{\376\377\001\020\036\331\000n\000g\000\040\000l\036\361\000c\000\040\000n\000g\000h\000i\000\352\000n\000\040\000c\036\351\000u\000:\000\040\000D\000e\000g\000r\000a\000d\000a\000t\000i\000o\000n\000\040\000P\000r\000o\000b\000l\000e\000m}{chapter.4}% 43
\BOOKMARK [2][-]{subsection.4.1.1}{\376\377\000V\036\245\000n\000\040\001\021\036\301\000\040\000k\000h\000i\000\040\000h\000u\036\245\000n\000\040\000l\000u\000y\036\307\000n\000\040\000m\036\241\000n\000g\000\040\000r\036\245\000t\000\040\000s\000\342\000u}{section.4.1}% 44
\BOOKMARK [2][-]{subsection.4.1.2}{\376\377\000B\036\243\000n\000\040\000c\000h\036\245\000t\000\040\000c\036\347\000a\000\040\000d\000e\000g\000r\000a\000d\000a\000t\000i\000o\000n}{section.4.1}% 45
\BOOKMARK [1][-]{section.4.2}{\376\377\000R\000e\000s\000i\000d\000u\000a\000l\000\040\000L\000e\000a\000r\000n\000i\000n\000g\000\040\000F\000r\000a\000m\000e\000w\000o\000r\000k}{chapter.4}% 46
\BOOKMARK [2][-]{subsection.4.2.1}{\376\377\000\335\000\040\000t\001\260\036\337\000n\000g\000\040\000c\036\321\000t\000\040\000l\000\365\000i\000\040\000c\036\347\000a\000\040\000R\000e\000s\000N\000e\000t}{section.4.2}% 47
\BOOKMARK [2][-]{subsection.4.2.2}{\376\377\000M\000\364\000\040\000h\000\354\000n\000h\000\040\000t\000o\000\341\000n\000\040\000h\036\315\000c}{section.4.2}% 48
\BOOKMARK [2][-]{subsection.4.2.3}{\376\377\000P\000h\000\342\000n\000\040\000t\000\355\000c\000h\000\040\000d\000\362\000n\000g\000\040\000g\000r\000a\000d\000i\000e\000n\000t}{section.4.2}% 49
\BOOKMARK [1][-]{section.4.3}{\376\377\000K\000i\036\277\000n\000\040\000t\000r\000\372\000c\000\040\000R\000e\000s\000N\000e\000t\000-\0003\0004}{chapter.4}% 50
\BOOKMARK [2][-]{subsection.4.3.1}{\376\377\000M\000\364\000\040\000t\036\243\000\040\000t\036\353\000\040\000b\000\340\000i\000\040\000b\000\341\000o}{section.4.3}% 51
\BOOKMARK [2][-]{subsection.4.3.2}{\376\377\000C\036\245\000u\000\040\000t\000r\000\372\000c\000\040\000c\000h\000i\000\040\000t\000i\036\277\000t}{section.4.3}% 52
\BOOKMARK [1][-]{section.4.4}{\376\377\000C\000\340\000i\000\040\001\021\036\267\000t\000\040\000R\000e\000s\000N\000e\000t\000-\0003\0004}{chapter.4}% 53
\BOOKMARK [2][-]{subsection.4.4.1}{\376\377\000B\000a\000s\000i\000c\000B\000l\000o\000c\000k}{section.4.4}% 54
\BOOKMARK [1][-]{section.4.5}{\376\377\000C\036\245\000u\000\040\000h\000\354\000n\000h\000\040\000h\000u\036\245\000n\000\040\000l\000u\000y\036\307\000n}{chapter.4}% 55
\BOOKMARK [1][-]{section.4.6}{\376\377\000K\036\277\000t\000\040\000q\000u\036\243\000\040\000t\000h\036\361\000c\000\040\000n\000g\000h\000i\036\307\000m}{chapter.4}% 56
\BOOKMARK [2][-]{subsection.4.6.1}{\376\377\000D\000i\036\305\000n\000\040\000b\000i\036\277\000n\000\040\000A\000U\000C\000\040\000t\000h\000e\000o\000\040\000e\000p\000o\000c\000h}{section.4.6}% 57
\BOOKMARK [2][-]{subsection.4.6.2}{\376\377\000B\036\243\000n\000g\000\040\000k\036\277\000t\000\040\000q\000u\036\243}{section.4.6}% 58
\BOOKMARK [2][-]{subsection.4.6.3}{\376\377\000P\000h\000\342\000n\000\040\000t\000\355\000c\000h\000\040\000k\036\277\000t\000\040\000q\000u\036\243}{section.4.6}% 59
\BOOKMARK [0][-]{chapter.5}{\376\377\000V\000i\000s\000i\000o\000n\000\040\000T\000r\000a\000n\000s\000f\000o\000r\000m\000e\000r\000\040\000\050\000V\000i\000T\000\051}{}% 60
\BOOKMARK [1][-]{section.5.1}{\376\377\000M\000o\000t\000i\000v\000a\000t\000i\000o\000n\000:\000\040\000F\000r\000o\000m\000\040\000N\000L\000P\000\040\000t\000o\000\040\000V\000i\000s\000i\000o\000n}{chapter.5}% 61
\BOOKMARK [2][-]{subsection.5.1.1}{\376\377\000T\000h\000e\000\040\000T\000r\000a\000n\000s\000f\000o\000r\000m\000e\000r\000\040\000R\000e\000v\000o\000l\000u\000t\000i\000o\000n}{section.5.1}% 62
\BOOKMARK [2][-]{subsection.5.1.2}{\376\377\000P\000a\000p\000e\